android/app/build/outputs/logs/manifest-merger-release-report.txt
-- Merging decision tree log ---
manifest
ADDED from src/main/AndroidManifest.xml:1:1-43:12
	package
		ADDED from src/main/AndroidManifest.xml:2:5-26
		INJECTED from src/main/AndroidManifest.xml
		INJECTED from src/main/AndroidManifest.xml
	android:versionName
		ADDED from src/main/AndroidManifest.xml:4:5-30
		INJECTED from src/main/AndroidManifest.xml
		INJECTED from src/main/AndroidManifest.xml
	android:versionCode
		ADDED from src/main/AndroidManifest.xml:3:5-28
		INJECTED from src/main/AndroidManifest.xml
		INJECTED from src/main/AndroidManifest.xml
	xmlns:android
		ADDED from src/main/AndroidManifest.xml:1:11-69
uses-permission#android.permission.INTERNET
ADDED from src/main/AndroidManifest.xml:7:5-67
	android:name
		ADDED from src/main/AndroidManifest.xml:7:22-64
uses-permission#android.permission.SYSTEM_ALERT_WINDOW
ADDED from src/main/AndroidManifest.xml:8:5-77
MERGED from [com.facebook.react:react-native:0.46.0] AndroidManifest.xml:11:5-78
	android:name
		ADDED from src/main/AndroidManifest.xml:8:22-75
uses-feature#android.hardware.camera
ADDED from src/main/AndroidManifest.xml:10:5-60
MERGED from [epiclot:react-native-camera:unspecified] AndroidManifest.xml:13:5-15:36
	android:name
		ADDED from src/main/AndroidManifest.xml:10:19-57
uses-permission#android.hardware.camera.autofocus
ADDED from src/main/AndroidManifest.xml:11:5-73
	android:name
		ADDED from src/main/AndroidManifest.xml:11:22-70
uses-permission#android.permission.CAMERA
ADDED from src/main/AndroidManifest.xml:12:5-65
MERGED from [epiclot:react-native-camera:unspecified] AndroidManifest.xml:11:5-65
	android:name
		ADDED from src/main/AndroidManifest.xml:12:22-62
uses-permission#android.permission.RECORD_AUDIO
ADDED from src/main/AndroidManifest.xml:13:5-70
	android:name
		ADDED from src/main/AndroidManifest.xml:13:22-68
uses-permission#android.permission.RECORD_VIDEO
ADDED from src/main/AndroidManifest.xml:14:5-70
	android:name
		ADDED from src/main/AndroidManifest.xml:14:22-68
uses-permission#android.permission.READ_EXTERNAL_STORAGE
ADDED from src/main/AndroidManifest.xml:15:5-80
	android:name
		ADDED from src/main/AndroidManifest.xml:15:22-77
uses-permission#android.permission.WRITE_EXTERNAL_STORAGE
ADDED from src/main/AndroidManifest.xml:16:5-81
MERGED from [epiclot:react-native-image-crop-picker:unspecified] AndroidManifest.xml:10:5-81
	android:name
		ADDED from src/main/AndroidManifest.xml:16:22-78
uses-permission#android.permission.VIBRATE
ADDED from src/main/AndroidManifest.xml:18:5-65
	android:name
		ADDED from src/main/AndroidManifest.xml:18:22-63
uses-sdk
ADDED from src/main/AndroidManifest.xml:20:5-22:41
MERGED from [epiclot:react-native-camera:unspecified] AndroidManifest.xml:7:5-9:41
MERGED from [epiclot:react-native-image-crop-picker:unspecified] AndroidManifest.xml:6:5-8:41
MERGED from [com.facebook.react:react-native:0.46.0] AndroidManifest.xml:7:5-9:41
MERGED from [com.facebook.fbui.textlayoutbuilder:textlayoutbuilder:1.0.0] AndroidManifest.xml:14:5-16:41
MERGED from [com.facebook.fresco:fresco:1.0.1] AndroidManifest.xml:5:5-7:41
MERGED from [com.facebook.fresco:drawee:1.0.1] AndroidManifest.xml:5:5-7:41
MERGED from [com.facebook.fresco:imagepipeline-okhttp3:1.0.1] AndroidManifest.xml:5:5-7:41
MERGED from [com.facebook.fresco:imagepipeline:1.0.1] AndroidManifest.xml:5:5-7:41
MERGED from [com.facebook.fresco:imagepipeline-base:1.0.1] AndroidManifest.xml:5:5-7:41
MERGED from [com.facebook.fresco:fbcore:1.0.1] AndroidManifest.xml:5:5-7:41
MERGED from [com.facebook.soloader:soloader:0.1.0] AndroidManifest.xml:2:3-70
MERGED from [com.yalantis:ucrop:2.2.0-native] AndroidManifest.xml:8:5-10:41
MERGED from [com.android.support:appcompat-v7:24.2.0] AndroidManifest.xml:21:5-23:78
MERGED from [com.android.support:animated-vector-drawable:24.2.0] AndroidManifest.xml:20:5-44
MERGED from [com.android.support:support-vector-drawable:24.2.0] AndroidManifest.xml:21:5-43
MERGED from [com.android.support:support-v4:24.2.0] AndroidManifest.xml:21:5-23:54
MERGED from [com.android.support:support-fragment:24.2.0] AndroidManifest.xml:21:5-23:60
MERGED from [com.android.support:support-core-utils:24.2.0] AndroidManifest.xml:21:5-23:61
MERGED from [com.android.support:support-media-compat:24.2.0] AndroidManifest.xml:21:5-23:63
MERGED from [com.android.support:support-core-ui:24.2.0] AndroidManifest.xml:21:5-23:58
MERGED from [com.android.support:support-compat:24.2.0] AndroidManifest.xml:21:5-23:58
MERGED from [id.zelory:compressor:2.0.0] AndroidManifest.xml:8:5-10:41
	tools:overrideLibrary
		ADDED from [com.android.support:appcompat-v7:24.2.0] AndroidManifest.xml:23:9-75
	android:targetSdkVersion
		ADDED from src/main/AndroidManifest.xml:22:9-38
		INJECTED from src/main/AndroidManifest.xml
		INJECTED from src/main/AndroidManifest.xml
	android:minSdkVersion
		ADDED from src/main/AndroidManifest.xml:21:9-35
		INJECTED from src/main/AndroidManifest.xml
		INJECTED from src/main/AndroidManifest.xml
application
ADDED from src/main/AndroidManifest.xml:24:5-41:19
MERGED from [epiclot:react-native-image-crop-picker:unspecified] AndroidManifest.xml:12:5-27:19
MERGED from [com.facebook.react:react-native:0.46.0] AndroidManifest.xml:13:5-20
MERGED from [com.facebook.soloader:soloader:0.1.0] AndroidManifest.xml:3:3-17
MERGED from [org.webkit:android-jsc:r174650] AndroidManifest.xml:2:3-17
MERGED from [com.android.support:appcompat-v7:24.2.0] AndroidManifest.xml:25:5-20
MERGED from [com.android.support:animated-vector-drawable:24.2.0] AndroidManifest.xml:22:5-20
MERGED from [com.android.support:support-vector-drawable:24.2.0] AndroidManifest.xml:23:5-20
MERGED from [com.android.support:support-v4:24.2.0] AndroidManifest.xml:25:5-20
MERGED from [com.android.support:support-fragment:24.2.0] AndroidManifest.xml:25:5-20
MERGED from [com.android.support:support-core-utils:24.2.0] AndroidManifest.xml:25:5-20
MERGED from [com.android.support:support-media-compat:24.2.0] AndroidManifest.xml:25:5-20
MERGED from [com.android.support:support-core-ui:24.2.0] AndroidManifest.xml:25:5-20
MERGED from [com.android.support:support-compat:24.2.0] AndroidManifest.xml:25:5-20
	android:label
		ADDED from src/main/AndroidManifest.xml:27:7-39
	android:allowBackup
		ADDED from src/main/AndroidManifest.xml:26:7-33
	android:icon
		ADDED from src/main/AndroidManifest.xml:28:7-41
	android:theme
		ADDED from src/main/AndroidManifest.xml:29:7-38
	android:name
		ADDED from src/main/AndroidManifest.xml:25:7-38
activity#com.epiclot.MainActivity
ADDED from src/main/AndroidManifest.xml:30:7-39:18
	android:label
		ADDED from src/main/AndroidManifest.xml:32:9-41
	android:windowSoftInputMode
		ADDED from src/main/AndroidManifest.xml:34:9-51
	android:configChanges
		ADDED from src/main/AndroidManifest.xml:33:9-79
	android:name
		ADDED from src/main/AndroidManifest.xml:31:9-37
intent-filter#android.intent.action.MAIN+android.intent.category.LAUNCHER
ADDED from src/main/AndroidManifest.xml:35:9-38:25
action#android.intent.action.MAIN
ADDED from src/main/AndroidManifest.xml:36:13-65
	android:name
		ADDED from src/main/AndroidManifest.xml:36:21-62
category#android.intent.category.LAUNCHER
ADDED from src/main/AndroidManifest.xml:37:13-73
	android:name
		ADDED from src/main/AndroidManifest.xml:37:23-70
activity#com.facebook.react.devsupport.DevSettingsActivity
ADDED from src/main/AndroidManifest.xml:40:7-84
	android:name
		ADDED from src/main/AndroidManifest.xml:40:17-81
uses-feature#android.hardware.camera.autofocus
ADDED from [epiclot:react-native-camera:unspecified] AndroidManifest.xml:16:5-18:36
	android:required
		ADDED from [epiclot:react-native-camera:unspecified] AndroidManifest.xml:18:9-33
	android:name
		ADDED from [epiclot:react-native-camera:unspecified] AndroidManifest.xml:17:9-57
provider#android.support.v4.content.FileProvider
ADDED from [epiclot:react-native-image-crop-picker:unspecified] AndroidManifest.xml:13:9-21:20
	android:authorities
		ADDED from [epiclot:react-native-image-crop-picker:unspecified] AndroidManifest.xml:15:13-60
	android:grantUriPermissions
		ADDED from [epiclot:react-native-image-crop-picker:unspecified] AndroidManifest.xml:17:13-47
	android:exported
		ADDED from [epiclot:react-native-image-crop-picker:unspecified] AndroidManifest.xml:16:13-37
	android:name
		ADDED from [epiclot:react-native-image-crop-picker:unspecified] AndroidManifest.xml:14:13-67
meta-data#android.support.FILE_PROVIDER_PATHS
ADDED from [epiclot:react-native-image-crop-picker:unspecified] AndroidManifest.xml:18:13-20:58
	android:resource
		ADDED from [epiclot:react-native-image-crop-picker:unspecified] AndroidManifest.xml:20:17-55
	android:name
		ADDED from [epiclot:react-native-image-crop-picker:unspecified] AndroidManifest.xml:19:17-67
activity#com.yalantis.ucrop.UCropActivity
ADDED from [epiclot:react-native-image-crop-picker:unspecified] AndroidManifest.xml:23:9-26:72
	android:screenOrientation
		ADDED from [epiclot:react-native-image-crop-picker:unspecified] AndroidManifest.xml:25:13-49
	android:theme
		ADDED from [epiclot:react-native-image-crop-picker:unspecified] AndroidManifest.xml:26:13-69
	android:name
		ADDED from [epiclot:react-native-image-crop-picker:unspecified] AndroidManifest.xml:24:13-60
android:uses-permission#android.permission.READ_PHONE_STATE
IMPLIED from src/main/AndroidManifest.xml:1:1-43:12 reason: org.webkit.android_jsc has a targetSdkVersion < 4